<?xml version="1.0" encoding="UTF-8"?>
<!-- Generated by org.testng.reporters.JUnitXMLReporter -->
<testsuite hostname="Krishnas-MacBook-Pro.local" ignored="0" name="Default test" tests="4" failures="0" timestamp="26 Aug 2017 02:06:19 GMT" time="3.314" errors="0">
  <testcase name="fillUserForm" time="0.012" classname="day22.com.automationtesting.testng.ExcelToDataProvider"/>
  <testcase name="fillUserForm" time="0.005" classname="day22.com.automationtesting.testng.ExcelToDataProvider"/>
  <testcase name="fillUserForm" time="0.002" classname="day22.com.automationtesting.testng.ExcelToDataProvider"/>
  <testcase name="fillUserForm" time="0.003" classname="day22.com.automationtesting.testng.ExcelToDataProvider"/>
</testsuite> <!-- Default test -->
