<?xml version="1.0" encoding="UTF-8"?>
<!-- Generated by org.testng.reporters.JUnitXMLReporter -->
<testsuite hostname="Krishnas-MacBook-Pro.local" ignored="2" name="TestOne" tests="2" failures="0" timestamp="25 Aug 2017 02:16:38 GMT" time="0.05" errors="0">
  <testcase name="firstGroupMethodOne" time="0.006" classname="day22.com.automationtesting.testng.BeforeAndAfterClass"/>
  <testcase name="firstGroupMethodTwo" time="0.003" classname="day22.com.automationtesting.testng.BeforeAndAfterClass"/>
  <testcase name="secondGroupMethodTwo" time="0.0" classname="day22.com.automationtesting.testng.BeforeAndAfterClass">
    <ignored/>
  </testcase> <!-- secondGroupMethodTwo -->
  <testcase name="secondGroupMethodOne" time="0.0" classname="day22.com.automationtesting.testng.BeforeAndAfterClass">
    <ignored/>
  </testcase> <!-- secondGroupMethodOne -->
</testsuite> <!-- TestOne -->
