<?xml version="1.0" encoding="UTF-8"?>
<!-- Generated by org.testng.reporters.JUnitXMLReporter -->
<testsuite hostname="Krishnas-MacBook-Pro.local" ignored="2" name="TesTwo" tests="2" failures="0" timestamp="25 Aug 2017 02:16:38 GMT" time="0.019" errors="0">
  <testcase name="secondGroupMethodOne" time="0.001" classname="day22.com.automationtesting.testng.BeforeAndAfterClass"/>
  <testcase name="secondGroupMethodTwo" time="0.004" classname="day22.com.automationtesting.testng.BeforeAndAfterClass"/>
  <testcase name="firstGroupMethodOne" time="0.0" classname="day22.com.automationtesting.testng.BeforeAndAfterClass">
    <ignored/>
  </testcase> <!-- firstGroupMethodOne -->
  <testcase name="firstGroupMethodTwo" time="0.0" classname="day22.com.automationtesting.testng.BeforeAndAfterClass">
    <ignored/>
  </testcase> <!-- firstGroupMethodTwo -->
</testsuite> <!-- TesTwo -->
