<?xml version="1.0" encoding="UTF-8"?>
<!-- Generated by org.testng.reporters.JUnitXMLReporter -->
<testsuite hostname="Krishnas-MacBook-Pro.local" ignored="0" name="Test" tests="2" failures="0" timestamp="26 Aug 2017 01:30:36 GMT" time="0.108" errors="0">
  <testcase name="testCase1" time="0.029" classname="day22.com.automationtesting.testng.ParametrizationUsingXmlFile"/>
  <testcase name="testCase2" time="0.004" classname="day22.com.automationtesting.testng.ParametrizationUsingXmlFile"/>
</testsuite> <!-- Test -->
